-- Found ament_cmake: 1.3.9 (/opt/ros/humble/share/ament_cmake/cmake)
-- Override CMake install command with custom implementation using symlinks instead of copying resources
-- Found ament_lint_auto: 0.12.11 (/opt/ros/humble/share/ament_lint_auto/cmake)
-- Added test 'copyright' to check source files copyright and LICENSE
-- Added test 'cppcheck' to perform static code analysis on C / C++ code
-- Configured cppcheck include dirs: 
-- Configured cppcheck exclude dirs and/or files: 
-- Added test 'cpplint' to check C / C++ code against the Google style
-- Configured cpplint exclude dirs and/or files: 
-- Added test 'flake8' to check Python code syntax and style conventions
-- Added test 'lint_cmake' to check CMake code style
-- Added test 'pep257' to check Python code against some of the docstring style conventions in PEP 257
-- Added test 'uncrustify' to check C / C++ code style
-- Configured uncrustify additional arguments: 
-- Added test 'xmllint' to check XML markup files
-- Configuring done
-- Generating done
-- Build files have been written to: /home/robot/robot_ws/src/trion_bot/build/trion_bot
-- Install configuration: ""
-- Execute custom install script
-- Up-to-date symlink: /home/robot/robot_ws/src/trion_bot/install/trion_bot/share/trion_bot/config/empty.yaml
-- Symlinking: /home/robot/robot_ws/src/trion_bot/install/trion_bot/share/trion_bot/config/gazebo_params.yaml
-- Up-to-date symlink: /home/robot/robot_ws/src/trion_bot/install/trion_bot/share/trion_bot/config/my_controllers.yaml
-- Up-to-date symlink: /home/robot/robot_ws/src/trion_bot/install/trion_bot/share/trion_bot/description/camera.xacro
-- Symlinking: /home/robot/robot_ws/src/trion_bot/install/trion_bot/share/trion_bot/description/depth_camera.xacro
-- Up-to-date symlink: /home/robot/robot_ws/src/trion_bot/install/trion_bot/share/trion_bot/description/gazebo_control.xacro
-- Up-to-date symlink: /home/robot/robot_ws/src/trion_bot/install/trion_bot/share/trion_bot/description/inertial_macros.xacro
-- Up-to-date symlink: /home/robot/robot_ws/src/trion_bot/install/trion_bot/share/trion_bot/description/lidar.xacro
-- Up-to-date symlink: /home/robot/robot_ws/src/trion_bot/install/trion_bot/share/trion_bot/description/robot.urdf.xacro
-- Up-to-date symlink: /home/robot/robot_ws/src/trion_bot/install/trion_bot/share/trion_bot/description/robot_core.xacro
-- Up-to-date symlink: /home/robot/robot_ws/src/trion_bot/install/trion_bot/share/trion_bot/description/ros2_control.xacro
-- Symlinking: /home/robot/robot_ws/src/trion_bot/install/trion_bot/share/trion_bot/launch/camera.launch.py
-- Up-to-date symlink: /home/robot/robot_ws/src/trion_bot/install/trion_bot/share/trion_bot/launch/launch_sim.launch.py
-- Symlinking: /home/robot/robot_ws/src/trion_bot/install/trion_bot/share/trion_bot/launch/rplidar.launch.py
-- Up-to-date symlink: /home/robot/robot_ws/src/trion_bot/install/trion_bot/share/trion_bot/launch/rsp.launch.py
-- Up-to-date symlink: /home/robot/robot_ws/src/trion_bot/install/trion_bot/share/trion_bot/worlds/empty.world
-- Up-to-date symlink: /home/robot/robot_ws/src/trion_bot/install/trion_bot/share/ament_index/resource_index/package_run_dependencies/trion_bot
-- Up-to-date symlink: /home/robot/robot_ws/src/trion_bot/install/trion_bot/share/ament_index/resource_index/parent_prefix_path/trion_bot
-- Up-to-date symlink: /home/robot/robot_ws/src/trion_bot/install/trion_bot/share/trion_bot/environment/ament_prefix_path.sh
-- Up-to-date symlink: /home/robot/robot_ws/src/trion_bot/install/trion_bot/share/trion_bot/environment/ament_prefix_path.dsv
-- Up-to-date symlink: /home/robot/robot_ws/src/trion_bot/install/trion_bot/share/trion_bot/environment/path.sh
-- Up-to-date symlink: /home/robot/robot_ws/src/trion_bot/install/trion_bot/share/trion_bot/environment/path.dsv
-- Up-to-date symlink: /home/robot/robot_ws/src/trion_bot/install/trion_bot/share/trion_bot/local_setup.bash
-- Up-to-date symlink: /home/robot/robot_ws/src/trion_bot/install/trion_bot/share/trion_bot/local_setup.sh
-- Up-to-date symlink: /home/robot/robot_ws/src/trion_bot/install/trion_bot/share/trion_bot/local_setup.zsh
-- Up-to-date symlink: /home/robot/robot_ws/src/trion_bot/install/trion_bot/share/trion_bot/local_setup.dsv
-- Symlinking: /home/robot/robot_ws/src/trion_bot/install/trion_bot/share/trion_bot/package.dsv
-- Up-to-date symlink: /home/robot/robot_ws/src/trion_bot/install/trion_bot/share/ament_index/resource_index/packages/trion_bot
-- Up-to-date symlink: /home/robot/robot_ws/src/trion_bot/install/trion_bot/share/trion_bot/cmake/trion_botConfig.cmake
-- Up-to-date symlink: /home/robot/robot_ws/src/trion_bot/install/trion_bot/share/trion_bot/cmake/trion_botConfig-version.cmake
-- Up-to-date symlink: /home/robot/robot_ws/src/trion_bot/install/trion_bot/share/trion_bot/package.xml
