[0.010s] Invoking command in '/home/robot/robot_ws/src/trion_bot/build/trion_bot': CMAKE_PREFIX_PATH=${CMAKE_PREFIX_PATH}:/opt/ros/humble /usr/bin/cmake --build /home/robot/robot_ws/src/trion_bot/build/trion_bot -- -j12 -l12
[0.028s] -- Found ament_cmake: 1.3.9 (/opt/ros/humble/share/ament_cmake/cmake)
[0.125s] -- Override CMake install command with custom implementation using symlinks instead of copying resources
[0.131s] -- Found ament_lint_auto: 0.12.11 (/opt/ros/humble/share/ament_lint_auto/cmake)
[0.192s] -- Added test 'copyright' to check source files copyright and LICENSE
[0.209s] -- Added test 'cppcheck' to perform static code analysis on C / C++ code
[0.209s] -- Configured cppcheck include dirs: 
[0.209s] -- Configured cppcheck exclude dirs and/or files: 
[0.227s] -- Added test 'cpplint' to check C / C++ code against the Google style
[0.227s] -- Configured cpplint exclude dirs and/or files: 
[0.229s] -- Added test 'flake8' to check Python code syntax and style conventions
[0.234s] -- Added test 'lint_cmake' to check CMake code style
[0.236s] -- Added test 'pep257' to check Python code against some of the docstring style conventions in PEP 257
[0.253s] -- Added test 'uncrustify' to check C / C++ code style
[0.254s] -- Configured uncrustify additional arguments: 
[0.257s] -- Added test 'xmllint' to check XML markup files
[0.258s] -- Configuring done
[0.261s] -- Generating done
[0.262s] -- Build files have been written to: /home/robot/robot_ws/src/trion_bot/build/trion_bot
[0.277s] Invoked command in '/home/robot/robot_ws/src/trion_bot/build/trion_bot' returned '0': CMAKE_PREFIX_PATH=${CMAKE_PREFIX_PATH}:/opt/ros/humble /usr/bin/cmake --build /home/robot/robot_ws/src/trion_bot/build/trion_bot -- -j12 -l12
[0.299s] Invoking command in '/home/robot/robot_ws/src/trion_bot/build/trion_bot': CMAKE_PREFIX_PATH=${CMAKE_PREFIX_PATH}:/opt/ros/humble /usr/bin/cmake --install /home/robot/robot_ws/src/trion_bot/build/trion_bot
[0.305s] -- Install configuration: ""
[0.306s] -- Execute custom install script
[0.306s] -- Up-to-date symlink: /home/robot/robot_ws/src/trion_bot/install/trion_bot/share/trion_bot/config/empty.yaml
[0.306s] -- Symlinking: /home/robot/robot_ws/src/trion_bot/install/trion_bot/share/trion_bot/config/gazebo_params.yaml
[0.313s] -- Up-to-date symlink: /home/robot/robot_ws/src/trion_bot/install/trion_bot/share/trion_bot/config/my_controllers.yaml
[0.313s] -- Up-to-date symlink: /home/robot/robot_ws/src/trion_bot/install/trion_bot/share/trion_bot/description/camera.xacro
[0.313s] -- Symlinking: /home/robot/robot_ws/src/trion_bot/install/trion_bot/share/trion_bot/description/depth_camera.xacro
[0.320s] -- Up-to-date symlink: /home/robot/robot_ws/src/trion_bot/install/trion_bot/share/trion_bot/description/gazebo_control.xacro
[0.320s] -- Up-to-date symlink: /home/robot/robot_ws/src/trion_bot/install/trion_bot/share/trion_bot/description/inertial_macros.xacro
[0.320s] -- Up-to-date symlink: /home/robot/robot_ws/src/trion_bot/install/trion_bot/share/trion_bot/description/lidar.xacro
[0.320s] -- Up-to-date symlink: /home/robot/robot_ws/src/trion_bot/install/trion_bot/share/trion_bot/description/robot.urdf.xacro
[0.320s] -- Up-to-date symlink: /home/robot/robot_ws/src/trion_bot/install/trion_bot/share/trion_bot/description/robot_core.xacro
[0.320s] -- Up-to-date symlink: /home/robot/robot_ws/src/trion_bot/install/trion_bot/share/trion_bot/description/ros2_control.xacro
[0.321s] -- Symlinking: /home/robot/robot_ws/src/trion_bot/install/trion_bot/share/trion_bot/launch/camera.launch.py
[0.328s] -- Up-to-date symlink: /home/robot/robot_ws/src/trion_bot/install/trion_bot/share/trion_bot/launch/launch_sim.launch.py
[0.328s] -- Symlinking: /home/robot/robot_ws/src/trion_bot/install/trion_bot/share/trion_bot/launch/rplidar.launch.py
[0.335s] -- Up-to-date symlink: /home/robot/robot_ws/src/trion_bot/install/trion_bot/share/trion_bot/launch/rsp.launch.py
[0.335s] -- Up-to-date symlink: /home/robot/robot_ws/src/trion_bot/install/trion_bot/share/trion_bot/worlds/empty.world
[0.335s] -- Up-to-date symlink: /home/robot/robot_ws/src/trion_bot/install/trion_bot/share/ament_index/resource_index/package_run_dependencies/trion_bot
[0.335s] -- Up-to-date symlink: /home/robot/robot_ws/src/trion_bot/install/trion_bot/share/ament_index/resource_index/parent_prefix_path/trion_bot
[0.336s] -- Up-to-date symlink: /home/robot/robot_ws/src/trion_bot/install/trion_bot/share/trion_bot/environment/ament_prefix_path.sh
[0.336s] -- Up-to-date symlink: /home/robot/robot_ws/src/trion_bot/install/trion_bot/share/trion_bot/environment/ament_prefix_path.dsv
[0.336s] -- Up-to-date symlink: /home/robot/robot_ws/src/trion_bot/install/trion_bot/share/trion_bot/environment/path.sh
[0.336s] -- Up-to-date symlink: /home/robot/robot_ws/src/trion_bot/install/trion_bot/share/trion_bot/environment/path.dsv
[0.336s] -- Up-to-date symlink: /home/robot/robot_ws/src/trion_bot/install/trion_bot/share/trion_bot/local_setup.bash
[0.336s] -- Up-to-date symlink: /home/robot/robot_ws/src/trion_bot/install/trion_bot/share/trion_bot/local_setup.sh
[0.336s] -- Up-to-date symlink: /home/robot/robot_ws/src/trion_bot/install/trion_bot/share/trion_bot/local_setup.zsh
[0.337s] -- Up-to-date symlink: /home/robot/robot_ws/src/trion_bot/install/trion_bot/share/trion_bot/local_setup.dsv
[0.337s] -- Symlinking: /home/robot/robot_ws/src/trion_bot/install/trion_bot/share/trion_bot/package.dsv
[0.344s] -- Up-to-date symlink: /home/robot/robot_ws/src/trion_bot/install/trion_bot/share/ament_index/resource_index/packages/trion_bot
[0.344s] -- Up-to-date symlink: /home/robot/robot_ws/src/trion_bot/install/trion_bot/share/trion_bot/cmake/trion_botConfig.cmake
[0.344s] -- Up-to-date symlink: /home/robot/robot_ws/src/trion_bot/install/trion_bot/share/trion_bot/cmake/trion_botConfig-version.cmake
[0.344s] -- Up-to-date symlink: /home/robot/robot_ws/src/trion_bot/install/trion_bot/share/trion_bot/package.xml
[0.346s] Invoked command in '/home/robot/robot_ws/src/trion_bot/build/trion_bot' returned '0': CMAKE_PREFIX_PATH=${CMAKE_PREFIX_PATH}:/opt/ros/humble /usr/bin/cmake --install /home/robot/robot_ws/src/trion_bot/build/trion_bot
